1639024433.990204 : : root : INFO : info
1639024433.993015 : : root : WARNING : warning
1639024433.993848 : : root : ERROR : error
1639024433.996160 : : root : ERROR : exp
NoneType: None
1639024935.236328 : : root : INFO : info
1639024935.238256 : : root : WARNING : warning
1639024935.239003 : : root : ERROR : error
1639024935.239866 : : root : ERROR : exp
NoneType: None
1639025396.895947 : : root : INFO : info
1639025396.897604 : : root : WARNING : warning
1639025396.898405 : : root : ERROR : error
1639025396.899271 : : root : ERROR : exp
NoneType: None
1639025714.459518 : : root : INFO : info
1639025714.467532 : : root : WARNING : warning
1639025714.469870 : : root : ERROR : error
1639025714.472722 : : root : ERROR : exp
NoneType: None
