1639026120.202227 : : root : INFO : info
1639026120.204067 : : root : WARNING : warning
1639026120.205104 : : root : ERROR : error
1639026120.206583 : : root : ERROR : exp
NoneType: None
1639026609.516821 : : root : INFO : info
1639026609.727046 : : root : WARNING : warning
1639026609.779909 : : root : ERROR : error
1639026609.882977 : : root : ERROR : exp
NoneType: None
1639026907.389411 : : root : INFO : info
1639026907.391439 : : root : WARNING : warning
1639026907.392347 : : root : ERROR : error
1639026907.393724 : : root : ERROR : exp
NoneType: None
1639027310.442248 : : root : INFO : info
1639027310.496727 : : root : WARNING : warning
1639027310.499178 : : root : ERROR : error
1639027310.501004 : : root : ERROR : exp
NoneType: None
1639108886.898792 : : root : INFO : info
1639108887.102307 : : root : WARNING : warning
1639108887.104585 : : root : ERROR : error
1639108887.114048 : : root : ERROR : exp
NoneType: None
